<?xml version="1.0" encoding="UTF-8" ?>
<testsuite tests="7" failures="0" name="CarTest1" time="15.674" errors="0" skipped="0">
  <properties>
[...]
</properties>
  <testcase classname="CarTest1" name="test1" time="0.851"/>
  <testcase classname="CarTest1" name="test2" time="0.291"/>
  <testcase classname="CarTest1" name="test3" time="4.533"/>
  <testcase classname="CarTest1" name="test4" time="0.344"/>
  <testcase classname="CarTest1" name="test5" time="0.964"/>
  <testcase classname="CarTest1" name="test6" time="0.431"/>
  <testcase classname="CarTest1" name="test7" time="1.369"/>
</testsuite>